{"level":"\u001b[32minfo\u001b[39m","message":"Server running in http://localhost:3000","timestamp":"2024-09-08T06:13:14.174Z"}
{"level":"\u001b[32minfo\u001b[39m","message":"Server running in http://localhost:3000","timestamp":"2024-09-08T06:14:24.119Z"}
{"level":"\u001b[32minfo\u001b[39m","message":"Server running in http://localhost:3000","timestamp":"2024-09-08T06:14:32.843Z"}
{"level":"\u001b[32minfo\u001b[39m","message":"Server running in http://localhost:3000","timestamp":"2024-09-08T06:14:41.366Z"}
{"level":"\u001b[32minfo\u001b[39m","message":"Server running in http://localhost:3000","timestamp":"2024-09-08T06:14:55.436Z"}
{"level":"\u001b[32minfo\u001b[39m","message":"Server running in http://localhost:3000","timestamp":"2024-09-08T06:16:52.601Z"}
{"level":"\u001b[32minfo\u001b[39m","message":"Server running in http://localhost:3000","timestamp":"2024-09-08T06:17:10.156Z"}
{"level":"\u001b[32minfo\u001b[39m","message":"Server running in http://localhost:3000","timestamp":"2024-09-08T06:18:52.170Z"}
{"level":"\u001b[32minfo\u001b[39m","message":"Server running in http://localhost:3000","timestamp":"2024-09-08T06:19:26.814Z"}
{"level":"\u001b[32minfo\u001b[39m","message":"Server running in http://localhost:3000","timestamp":"2024-09-08T06:20:02.421Z"}
{"level":"\u001b[32minfo\u001b[39m","message":"Server running in http://localhost:3000","timestamp":"2024-09-08T06:20:07.713Z"}
{"level":"\u001b[32minfo\u001b[39m","message":"Server running in http://localhost:3000","timestamp":"2024-09-08T06:38:41.966Z"}
{"level":"\u001b[32minfo\u001b[39m","message":"Server running in http://localhost:3000","timestamp":"2024-09-08T06:39:18.148Z"}
{"level":"\u001b[32minfo\u001b[39m","message":"Server running in http://localhost:3000","timestamp":"2024-09-08T06:40:24.977Z"}
{"level":"\u001b[32minfo\u001b[39m","message":"Server running in http://localhost:3000","timestamp":"2024-09-08T06:40:43.559Z"}
{"level":"\u001b[32minfo\u001b[39m","message":"Server running in http://localhost:3000","timestamp":"2024-09-08T06:52:47.107Z"}
{"level":"\u001b[32minfo\u001b[39m","message":"Server running in http://localhost:3000","timestamp":"2024-09-08T06:52:48.228Z"}
{"level":"\u001b[32minfo\u001b[39m","message":"Server running in http://localhost:3000","timestamp":"2024-09-08T06:55:30.861Z"}
{"level":"\u001b[32minfo\u001b[39m","message":"Server running in http://localhost:3000","timestamp":"2024-09-08T06:57:47.899Z"}
{"level":"\u001b[32minfo\u001b[39m","message":"hello world","timestamp":"2024-09-08T07:23:37.588Z"}
{"level":"\u001b[32minfo\u001b[39m","message":"\n MongoDB connected ! DB host : vidtweetcluster-shard-00-01.izjfe.mongodb.net","timestamp":"2024-09-08T07:24:23.505Z"}
{"level":"\u001b[32minfo\u001b[39m","message":"hello world","timestamp":"2024-09-08T07:24:23.512Z"}
{"level":"\u001b[32minfo\u001b[39m","message":"\n MongoDB connected ! DB host : vidtweetcluster-shard-00-00.izjfe.mongodb.net","timestamp":"2024-09-08T07:24:41.016Z"}
{"level":"\u001b[32minfo\u001b[39m","message":"\n MongoDB connected ! DB host : vidtweetcluster-shard-00-01.izjfe.mongodb.net","timestamp":"2024-09-08T07:26:54.989Z"}
{"level":"\u001b[32minfo\u001b[39m","message":"\n MongoDB connected ! DB host : vidtweetcluster-shard-00-01.izjfe.mongodb.net","timestamp":"2024-09-08T07:27:17.532Z"}
{"level":"\u001b[32minfo\u001b[39m","message":"\n MongoDB connected ! DB host : vidtweetcluster-shard-00-00.izjfe.mongodb.net","timestamp":"2024-09-08T07:27:19.200Z"}
{"level":"\u001b[32minfo\u001b[39m","message":"\n MongoDB connected ! DB host : vidtweetcluster-shard-00-01.izjfe.mongodb.net","timestamp":"2024-09-08T07:27:21.240Z"}
{"level":"\u001b[32minfo\u001b[39m","message":"\n MongoDB connected ! DB host : vidtweetcluster-shard-00-00.izjfe.mongodb.net","timestamp":"2024-09-08T07:27:23.393Z"}
{"level":"\u001b[32minfo\u001b[39m","message":"\n MongoDB connected ! DB host : vidtweetcluster-shard-00-01.izjfe.mongodb.net","timestamp":"2024-09-08T07:27:45.591Z"}
{"level":"\u001b[32minfo\u001b[39m","message":"\n MongoDB connected ! DB host : vidtweetcluster-shard-00-01.izjfe.mongodb.net","timestamp":"2024-09-08T07:27:51.583Z"}
{"level":"\u001b[32minfo\u001b[39m","message":"\n MongoDB connected ! DB host : vidtweetcluster-shard-00-00.izjfe.mongodb.net","timestamp":"2024-09-08T07:27:57.689Z"}
{"level":"\u001b[32minfo\u001b[39m","message":"\n MongoDB connected ! DB host : vidtweetcluster-shard-00-02.izjfe.mongodb.net","timestamp":"2024-09-08T07:28:00.884Z"}
{"level":"\u001b[32minfo\u001b[39m","message":"\n MongoDB connected ! DB host : vidtweetcluster-shard-00-01.izjfe.mongodb.net","timestamp":"2024-09-08T07:28:08.100Z"}
{"level":"\u001b[32minfo\u001b[39m","message":"\n MongoDB connected ! DB host : vidtweetcluster-shard-00-01.izjfe.mongodb.net","timestamp":"2024-09-08T07:28:10.688Z"}
{"level":"\u001b[32minfo\u001b[39m","message":"\n MongoDB connected ! DB host : vidtweetcluster-shard-00-00.izjfe.mongodb.net","timestamp":"2024-09-08T07:28:17.134Z"}
{"level":"\u001b[32minfo\u001b[39m","message":"\n MongoDB connected ! DB host : vidtweetcluster-shard-00-00.izjfe.mongodb.net","timestamp":"2024-09-08T07:28:25.611Z"}
{"level":"\u001b[32minfo\u001b[39m","message":"\n MongoDB connected ! DB host : vidtweetcluster-shard-00-00.izjfe.mongodb.net","timestamp":"2024-09-08T07:28:28.046Z"}
{"level":"\u001b[32minfo\u001b[39m","message":"\n MongoDB connected ! DB host : vidtweetcluster-shard-00-00.izjfe.mongodb.net","timestamp":"2024-09-08T07:28:30.060Z"}
{"level":"\u001b[32minfo\u001b[39m","message":"\n MongoDB connected ! DB host : vidtweetcluster-shard-00-00.izjfe.mongodb.net","timestamp":"2024-09-08T07:28:36.851Z"}
{"level":"\u001b[32minfo\u001b[39m","message":"\n MongoDB connected ! DB host : vidtweetcluster-shard-00-01.izjfe.mongodb.net","timestamp":"2024-09-08T07:28:44.590Z"}
{"level":"\u001b[32minfo\u001b[39m","message":"\n MongoDB connected ! DB host : vidtweetcluster-shard-00-01.izjfe.mongodb.net","timestamp":"2024-09-08T07:28:46.840Z"}
{"level":"\u001b[32minfo\u001b[39m","message":"\n MongoDB connected ! DB host : vidtweetcluster-shard-00-01.izjfe.mongodb.net","timestamp":"2024-09-08T07:28:49.018Z"}
{"level":"\u001b[32minfo\u001b[39m","message":"\n MongoDB connected ! DB host : vidtweetcluster-shard-00-00.izjfe.mongodb.net","timestamp":"2024-09-08T07:28:50.663Z"}
{"level":"\u001b[32minfo\u001b[39m","message":"\n MongoDB connected ! DB host : vidtweetcluster-shard-00-01.izjfe.mongodb.net","timestamp":"2024-09-08T07:29:19.286Z"}
{"level":"\u001b[32minfo\u001b[39m","message":"\n MongoDB connected ! DB host : vidtweetcluster-shard-00-01.izjfe.mongodb.net","timestamp":"2024-09-08T07:29:21.505Z"}
{"level":"\u001b[32minfo\u001b[39m","message":"\n MongoDB connected ! DB host : vidtweetcluster-shard-00-01.izjfe.mongodb.net","timestamp":"2024-09-08T07:29:26.558Z"}
{"level":"\u001b[32minfo\u001b[39m","message":"\n MongoDB connected ! DB host : vidtweetcluster-shard-00-01.izjfe.mongodb.net","timestamp":"2024-09-08T07:29:28.022Z"}
{"level":"\u001b[32minfo\u001b[39m","message":"\n MongoDB connected ! DB host : vidtweetcluster-shard-00-01.izjfe.mongodb.net","timestamp":"2024-09-08T07:29:32.483Z"}
{"level":"\u001b[32minfo\u001b[39m","message":"\n MongoDB connected ! DB host : vidtweetcluster-shard-00-01.izjfe.mongodb.net","timestamp":"2024-09-08T07:29:37.039Z"}
{"level":"\u001b[32minfo\u001b[39m","message":"\n MongoDB connected ! DB host : vidtweetcluster-shard-00-00.izjfe.mongodb.net","timestamp":"2024-09-08T07:29:41.570Z"}
{"level":"\u001b[32minfo\u001b[39m","message":"\n MongoDB connected ! DB host : vidtweetcluster-shard-00-01.izjfe.mongodb.net","timestamp":"2024-09-08T07:29:46.503Z"}
{"level":"\u001b[32minfo\u001b[39m","message":"\n MongoDB connected ! DB host : vidtweetcluster-shard-00-02.izjfe.mongodb.net","timestamp":"2024-09-08T07:29:54.848Z"}
{"level":"\u001b[32minfo\u001b[39m","message":"\n MongoDB connected ! DB host : vidtweetcluster-shard-00-00.izjfe.mongodb.net","timestamp":"2024-09-08T07:29:59.185Z"}
{"level":"\u001b[32minfo\u001b[39m","message":"\n MongoDB connected ! DB host : vidtweetcluster-shard-00-01.izjfe.mongodb.net","timestamp":"2024-09-08T07:30:05.855Z"}
{"level":"\u001b[32minfo\u001b[39m","message":"\n MongoDB connected ! DB host : vidtweetcluster-shard-00-01.izjfe.mongodb.net","timestamp":"2024-09-08T07:30:07.147Z"}
{"level":"\u001b[32minfo\u001b[39m","message":"\n MongoDB connected ! DB host : vidtweetcluster-shard-00-00.izjfe.mongodb.net","timestamp":"2024-09-08T07:30:23.982Z"}
{"level":"\u001b[32minfo\u001b[39m","message":"\n MongoDB connected ! DB host : vidtweetcluster-shard-00-02.izjfe.mongodb.net","timestamp":"2024-09-08T07:30:29.830Z"}
{"level":"\u001b[32minfo\u001b[39m","message":"\n MongoDB connected ! DB host : vidtweetcluster-shard-00-01.izjfe.mongodb.net","timestamp":"2024-09-08T07:30:34.848Z"}
{"level":"\u001b[32minfo\u001b[39m","message":"\n MongoDB connected ! DB host : vidtweetcluster-shard-00-01.izjfe.mongodb.net","timestamp":"2024-09-08T07:30:38.443Z"}
{"level":"\u001b[32minfo\u001b[39m","message":"\n MongoDB connected ! DB host : vidtweetcluster-shard-00-00.izjfe.mongodb.net","timestamp":"2024-09-08T07:30:40.440Z"}
{"level":"\u001b[32minfo\u001b[39m","message":"\n MongoDB connected ! DB host : vidtweetcluster-shard-00-01.izjfe.mongodb.net","timestamp":"2024-09-08T07:30:44.697Z"}
{"level":"\u001b[32minfo\u001b[39m","message":"\n MongoDB connected ! DB host : vidtweetcluster-shard-00-01.izjfe.mongodb.net","timestamp":"2024-09-08T07:30:49.741Z"}
{"level":"\u001b[32minfo\u001b[39m","message":"\n MongoDB connected ! DB host : vidtweetcluster-shard-00-02.izjfe.mongodb.net","timestamp":"2024-09-08T07:30:55.015Z"}
{"level":"\u001b[32minfo\u001b[39m","message":"\n MongoDB connected ! DB host : vidtweetcluster-shard-00-01.izjfe.mongodb.net","timestamp":"2024-09-08T07:31:03.683Z"}
{"level":"\u001b[32minfo\u001b[39m","message":"\n MongoDB connected ! DB host : vidtweetcluster-shard-00-00.izjfe.mongodb.net","timestamp":"2024-09-08T07:31:15.444Z"}
{"level":"\u001b[32minfo\u001b[39m","message":"\n MongoDB connected ! DB host : vidtweetcluster-shard-00-02.izjfe.mongodb.net","timestamp":"2024-09-08T07:31:18.430Z"}
{"level":"\u001b[32minfo\u001b[39m","message":"\n MongoDB connected ! DB host : vidtweetcluster-shard-00-01.izjfe.mongodb.net","timestamp":"2024-09-08T07:31:20.524Z"}
{"level":"\u001b[32minfo\u001b[39m","message":"\n MongoDB connected ! DB host : vidtweetcluster-shard-00-01.izjfe.mongodb.net","timestamp":"2024-09-08T07:31:22.018Z"}
{"level":"\u001b[32minfo\u001b[39m","message":"\n MongoDB connected ! DB host : vidtweetcluster-shard-00-02.izjfe.mongodb.net","timestamp":"2024-09-08T07:31:23.713Z"}
{"level":"\u001b[32minfo\u001b[39m","message":"\n MongoDB connected ! DB host : vidtweetcluster-shard-00-02.izjfe.mongodb.net","timestamp":"2024-09-08T07:31:27.658Z"}
{"level":"\u001b[32minfo\u001b[39m","message":"\n MongoDB connected ! DB host : vidtweetcluster-shard-00-02.izjfe.mongodb.net","timestamp":"2024-09-08T07:31:31.082Z"}
{"level":"\u001b[32minfo\u001b[39m","message":"\n MongoDB connected ! DB host : vidtweetcluster-shard-00-01.izjfe.mongodb.net","timestamp":"2024-09-08T07:31:39.364Z"}
{"level":"\u001b[32minfo\u001b[39m","message":"\n MongoDB connected ! DB host : vidtweetcluster-shard-00-02.izjfe.mongodb.net","timestamp":"2024-09-08T07:31:45.203Z"}
{"level":"\u001b[32minfo\u001b[39m","message":"\n MongoDB connected ! DB host : vidtweetcluster-shard-00-01.izjfe.mongodb.net","timestamp":"2024-09-08T07:31:49.341Z"}
{"level":"\u001b[32minfo\u001b[39m","message":"\n MongoDB connected ! DB host : vidtweetcluster-shard-00-01.izjfe.mongodb.net","timestamp":"2024-09-08T07:31:55.415Z"}
{"level":"\u001b[32minfo\u001b[39m","message":"\n MongoDB connected ! DB host : vidtweetcluster-shard-00-01.izjfe.mongodb.net","timestamp":"2024-09-08T07:32:02.036Z"}
{"level":"\u001b[32minfo\u001b[39m","message":"\n MongoDB connected ! DB host : vidtweetcluster-shard-00-02.izjfe.mongodb.net","timestamp":"2024-09-08T07:32:17.827Z"}
{"level":"\u001b[32minfo\u001b[39m","message":"\n MongoDB connected ! DB host : vidtweetcluster-shard-00-00.izjfe.mongodb.net","timestamp":"2024-09-08T07:32:22.769Z"}
{"level":"\u001b[32minfo\u001b[39m","message":"\n MongoDB connected ! DB host : vidtweetcluster-shard-00-02.izjfe.mongodb.net","timestamp":"2024-09-08T07:32:28.424Z"}
{"level":"\u001b[32minfo\u001b[39m","message":"\n MongoDB connected ! DB host : vidtweetcluster-shard-00-00.izjfe.mongodb.net","timestamp":"2024-09-08T07:32:32.812Z"}
{"level":"\u001b[32minfo\u001b[39m","message":"\n MongoDB connected ! DB host : vidtweetcluster-shard-00-02.izjfe.mongodb.net","timestamp":"2024-09-08T07:32:34.459Z"}
{"level":"\u001b[32minfo\u001b[39m","message":"\n MongoDB connected ! DB host : vidtweetcluster-shard-00-00.izjfe.mongodb.net","timestamp":"2024-09-08T07:32:39.597Z"}
{"level":"\u001b[32minfo\u001b[39m","message":"\n MongoDB connected ! DB host : vidtweetcluster-shard-00-00.izjfe.mongodb.net","timestamp":"2024-09-08T07:32:40.655Z"}
{"level":"\u001b[32minfo\u001b[39m","message":"\n MongoDB connected ! DB host : vidtweetcluster-shard-00-00.izjfe.mongodb.net","timestamp":"2024-09-08T07:32:45.914Z"}
{"level":"\u001b[32minfo\u001b[39m","message":"\n MongoDB connected ! DB host : vidtweetcluster-shard-00-00.izjfe.mongodb.net","timestamp":"2024-09-08T07:32:50.844Z"}
{"level":"\u001b[32minfo\u001b[39m","message":"\n MongoDB connected ! DB host : vidtweetcluster-shard-00-00.izjfe.mongodb.net","timestamp":"2024-09-08T07:32:58.813Z"}
{"level":"\u001b[32minfo\u001b[39m","message":"\n MongoDB connected ! DB host : vidtweetcluster-shard-00-00.izjfe.mongodb.net","timestamp":"2024-09-08T07:33:07.230Z"}
{"level":"\u001b[32minfo\u001b[39m","message":"\n MongoDB connected ! DB host : vidtweetcluster-shard-00-02.izjfe.mongodb.net","timestamp":"2024-09-08T07:34:53.425Z"}
{"level":"\u001b[32minfo\u001b[39m","message":"\n MongoDB connected ! DB host : vidtweetcluster-shard-00-02.izjfe.mongodb.net","timestamp":"2024-09-08T07:34:57.926Z"}
{"level":"\u001b[32minfo\u001b[39m","message":"\n MongoDB connected ! DB host : vidtweetcluster-shard-00-02.izjfe.mongodb.net","timestamp":"2024-09-08T07:35:02.484Z"}
{"level":"\u001b[32minfo\u001b[39m","message":"\n MongoDB connected ! DB host : vidtweetcluster-shard-00-00.izjfe.mongodb.net","timestamp":"2024-09-08T07:35:14.516Z"}
{"level":"\u001b[32minfo\u001b[39m","message":"\n MongoDB connected ! DB host : vidtweetcluster-shard-00-01.izjfe.mongodb.net","timestamp":"2024-09-08T07:35:31.575Z"}
{"level":"\u001b[32minfo\u001b[39m","message":"\n MongoDB connected ! DB host : vidtweetcluster-shard-00-00.izjfe.mongodb.net","timestamp":"2024-09-08T07:36:28.095Z"}
{"level":"\u001b[32minfo\u001b[39m","message":"\n MongoDB connected ! DB host : vidtweetcluster-shard-00-02.izjfe.mongodb.net","timestamp":"2024-09-08T07:36:47.237Z"}
{"level":"\u001b[32minfo\u001b[39m","message":"\n MongoDB connected ! DB host : vidtweetcluster-shard-00-02.izjfe.mongodb.net","timestamp":"2024-09-08T07:36:48.667Z"}
{"level":"\u001b[32minfo\u001b[39m","message":"\n MongoDB connected ! DB host : vidtweetcluster-shard-00-00.izjfe.mongodb.net","timestamp":"2024-09-08T07:36:49.481Z"}
{"level":"\u001b[32minfo\u001b[39m","message":"\n MongoDB connected ! DB host : vidtweetcluster-shard-00-02.izjfe.mongodb.net","timestamp":"2024-09-08T07:36:55.096Z"}
{"level":"\u001b[32minfo\u001b[39m","message":"\n MongoDB connected ! DB host : vidtweetcluster-shard-00-00.izjfe.mongodb.net","timestamp":"2024-09-08T07:37:04.893Z"}
{"level":"\u001b[32minfo\u001b[39m","message":"\n MongoDB connected ! DB host : vidtweetcluster-shard-00-02.izjfe.mongodb.net","timestamp":"2024-09-08T07:37:11.456Z"}
{"level":"\u001b[32minfo\u001b[39m","message":"\n MongoDB connected ! DB host : vidtweetcluster-shard-00-00.izjfe.mongodb.net","timestamp":"2024-09-08T07:37:13.307Z"}
{"level":"\u001b[32minfo\u001b[39m","message":"\n MongoDB connected ! DB host : vidtweetcluster-shard-00-02.izjfe.mongodb.net","timestamp":"2024-09-08T07:37:22.610Z"}
{"level":"\u001b[32minfo\u001b[39m","message":"\n MongoDB connected ! DB host : vidtweetcluster-shard-00-02.izjfe.mongodb.net","timestamp":"2024-09-08T07:37:29.312Z"}
{"level":"\u001b[32minfo\u001b[39m","message":"\n MongoDB connected ! DB host : vidtweetcluster-shard-00-00.izjfe.mongodb.net","timestamp":"2024-09-08T07:37:36.048Z"}
{"level":"\u001b[32minfo\u001b[39m","message":"\n MongoDB connected ! DB host : vidtweetcluster-shard-00-02.izjfe.mongodb.net","timestamp":"2024-09-08T07:37:40.530Z"}
{"level":"\u001b[32minfo\u001b[39m","message":"\n MongoDB connected ! DB host : vidtweetcluster-shard-00-01.izjfe.mongodb.net","timestamp":"2024-09-08T07:37:55.491Z"}
{"level":"\u001b[32minfo\u001b[39m","message":"\n MongoDB connected ! DB host : vidtweetcluster-shard-00-02.izjfe.mongodb.net","timestamp":"2024-09-08T07:37:56.671Z"}
{"level":"\u001b[32minfo\u001b[39m","message":"\n MongoDB connected ! DB host : vidtweetcluster-shard-00-01.izjfe.mongodb.net","timestamp":"2024-09-08T07:37:58.475Z"}
{"level":"\u001b[32minfo\u001b[39m","message":"\n MongoDB connected ! DB host : vidtweetcluster-shard-00-02.izjfe.mongodb.net","timestamp":"2024-09-08T07:38:03.158Z"}
{"level":"\u001b[32minfo\u001b[39m","message":"\n MongoDB connected ! DB host : vidtweetcluster-shard-00-02.izjfe.mongodb.net","timestamp":"2024-09-08T07:38:10.430Z"}
{"level":"\u001b[32minfo\u001b[39m","message":"\n MongoDB connected ! DB host : vidtweetcluster-shard-00-00.izjfe.mongodb.net","timestamp":"2024-09-08T07:38:30.965Z"}
{"level":"\u001b[32minfo\u001b[39m","message":"\n MongoDB connected ! DB host : vidtweetcluster-shard-00-00.izjfe.mongodb.net","timestamp":"2024-09-08T07:38:33.553Z"}
{"level":"\u001b[32minfo\u001b[39m","message":"\n MongoDB connected ! DB host : vidtweetcluster-shard-00-02.izjfe.mongodb.net","timestamp":"2024-09-08T07:38:34.859Z"}
{"level":"\u001b[32minfo\u001b[39m","message":"\n MongoDB connected ! DB host : vidtweetcluster-shard-00-00.izjfe.mongodb.net","timestamp":"2024-09-08T07:38:41.841Z"}
{"level":"\u001b[32minfo\u001b[39m","message":"\n MongoDB connected ! DB host : vidtweetcluster-shard-00-02.izjfe.mongodb.net","timestamp":"2024-09-08T07:38:46.496Z"}
{"level":"\u001b[32minfo\u001b[39m","message":"\n MongoDB connected ! DB host : vidtweetcluster-shard-00-01.izjfe.mongodb.net","timestamp":"2024-09-08T07:38:52.596Z"}
{"level":"\u001b[32minfo\u001b[39m","message":"\n MongoDB connected ! DB host : vidtweetcluster-shard-00-02.izjfe.mongodb.net","timestamp":"2024-09-08T07:38:53.732Z"}
{"level":"\u001b[32minfo\u001b[39m","message":"\n MongoDB connected ! DB host : vidtweetcluster-shard-00-01.izjfe.mongodb.net","timestamp":"2024-09-08T07:38:56.242Z"}
{"level":"\u001b[32minfo\u001b[39m","message":"\n MongoDB connected ! DB host : vidtweetcluster-shard-00-01.izjfe.mongodb.net","timestamp":"2024-09-08T07:38:59.483Z"}
{"level":"\u001b[32minfo\u001b[39m","message":"\n MongoDB connected ! DB host : vidtweetcluster-shard-00-02.izjfe.mongodb.net","timestamp":"2024-09-08T07:39:05.938Z"}
{"level":"\u001b[32minfo\u001b[39m","message":"\n MongoDB connected ! DB host : vidtweetcluster-shard-00-02.izjfe.mongodb.net","timestamp":"2024-09-08T07:39:09.267Z"}
{"level":"\u001b[32minfo\u001b[39m","message":"\n MongoDB connected ! DB host : vidtweetcluster-shard-00-00.izjfe.mongodb.net","timestamp":"2024-09-08T07:39:15.274Z"}
{"level":"\u001b[32minfo\u001b[39m","message":"\n MongoDB connected ! DB host : vidtweetcluster-shard-00-02.izjfe.mongodb.net","timestamp":"2024-09-08T07:39:16.589Z"}
{"level":"\u001b[32minfo\u001b[39m","message":"\n MongoDB connected ! DB host : vidtweetcluster-shard-00-01.izjfe.mongodb.net","timestamp":"2024-09-08T07:39:21.578Z"}
{"level":"\u001b[32minfo\u001b[39m","message":"\n MongoDB connected ! DB host : vidtweetcluster-shard-00-00.izjfe.mongodb.net","timestamp":"2024-09-08T07:39:24.129Z"}
{"level":"\u001b[32minfo\u001b[39m","message":"\n MongoDB connected ! DB host : vidtweetcluster-shard-00-00.izjfe.mongodb.net","timestamp":"2024-09-08T07:39:25.885Z"}
{"level":"\u001b[32minfo\u001b[39m","message":"\n MongoDB connected ! DB host : vidtweetcluster-shard-00-00.izjfe.mongodb.net","timestamp":"2024-09-08T07:39:30.867Z"}
{"level":"\u001b[32minfo\u001b[39m","message":"\n MongoDB connected ! DB host : vidtweetcluster-shard-00-00.izjfe.mongodb.net","timestamp":"2024-09-08T07:39:33.695Z"}
{"level":"\u001b[32minfo\u001b[39m","message":"\n MongoDB connected ! DB host : vidtweetcluster-shard-00-01.izjfe.mongodb.net","timestamp":"2024-09-08T07:39:37.441Z"}
{"level":"\u001b[32minfo\u001b[39m","message":"\n MongoDB connected ! DB host : vidtweetcluster-shard-00-00.izjfe.mongodb.net","timestamp":"2024-09-08T07:39:39.118Z"}
{"level":"\u001b[32minfo\u001b[39m","message":"\n MongoDB connected ! DB host : vidtweetcluster-shard-00-02.izjfe.mongodb.net","timestamp":"2024-09-08T07:39:42.093Z"}
{"level":"\u001b[32minfo\u001b[39m","message":"\n MongoDB connected ! DB host : vidtweetcluster-shard-00-02.izjfe.mongodb.net","timestamp":"2024-09-08T07:39:46.495Z"}
{"level":"\u001b[32minfo\u001b[39m","message":"\n MongoDB connected ! DB host : vidtweetcluster-shard-00-00.izjfe.mongodb.net","timestamp":"2024-09-08T07:39:53.029Z"}
{"level":"\u001b[32minfo\u001b[39m","message":"\n MongoDB connected ! DB host : vidtweetcluster-shard-00-02.izjfe.mongodb.net","timestamp":"2024-09-08T07:39:54.679Z"}
{"level":"\u001b[32minfo\u001b[39m","message":"\n MongoDB connected ! DB host : vidtweetcluster-shard-00-00.izjfe.mongodb.net","timestamp":"2024-09-08T07:39:57.446Z"}
{"level":"\u001b[32minfo\u001b[39m","message":"\n MongoDB connected ! DB host : vidtweetcluster-shard-00-00.izjfe.mongodb.net","timestamp":"2024-09-08T07:40:00.736Z"}
{"level":"\u001b[32minfo\u001b[39m","message":"\n MongoDB connected ! DB host : vidtweetcluster-shard-00-01.izjfe.mongodb.net","timestamp":"2024-09-08T07:40:13.437Z"}
{"level":"\u001b[32minfo\u001b[39m","message":"\n MongoDB connected ! DB host : vidtweetcluster-shard-00-00.izjfe.mongodb.net","timestamp":"2024-09-08T07:40:19.938Z"}
{"level":"\u001b[32minfo\u001b[39m","message":"\n MongoDB connected ! DB host : vidtweetcluster-shard-00-01.izjfe.mongodb.net","timestamp":"2024-09-08T07:40:23.298Z"}
{"level":"\u001b[32minfo\u001b[39m","message":"\n MongoDB connected ! DB host : vidtweetcluster-shard-00-00.izjfe.mongodb.net","timestamp":"2024-09-08T07:40:40.101Z"}
{"level":"\u001b[32minfo\u001b[39m","message":"\n MongoDB connected ! DB host : vidtweetcluster-shard-00-01.izjfe.mongodb.net","timestamp":"2024-09-08T07:40:45.037Z"}
{"level":"\u001b[32minfo\u001b[39m","message":"\n MongoDB connected ! DB host : vidtweetcluster-shard-00-02.izjfe.mongodb.net","timestamp":"2024-09-08T07:40:48.676Z"}
{"level":"\u001b[32minfo\u001b[39m","message":"\n MongoDB connected ! DB host : vidtweetcluster-shard-00-01.izjfe.mongodb.net","timestamp":"2024-09-08T07:40:50.508Z"}
{"level":"\u001b[32minfo\u001b[39m","message":"\n MongoDB connected ! DB host : vidtweetcluster-shard-00-01.izjfe.mongodb.net","timestamp":"2024-09-08T07:40:54.663Z"}
{"level":"\u001b[32minfo\u001b[39m","message":"\n MongoDB connected ! DB host : vidtweetcluster-shard-00-02.izjfe.mongodb.net","timestamp":"2024-09-08T07:40:57.735Z"}
{"level":"\u001b[32minfo\u001b[39m","message":"\n MongoDB connected ! DB host : vidtweetcluster-shard-00-00.izjfe.mongodb.net","timestamp":"2024-09-08T07:41:08.608Z"}
{"level":"\u001b[32minfo\u001b[39m","message":"\n MongoDB connected ! DB host : vidtweetcluster-shard-00-00.izjfe.mongodb.net","timestamp":"2024-09-08T07:41:10.225Z"}
{"level":"\u001b[32minfo\u001b[39m","message":"\n MongoDB connected ! DB host : vidtweetcluster-shard-00-00.izjfe.mongodb.net","timestamp":"2024-09-08T07:41:18.968Z"}
{"level":"\u001b[32minfo\u001b[39m","message":"\n MongoDB connected ! DB host : vidtweetcluster-shard-00-01.izjfe.mongodb.net","timestamp":"2024-09-08T07:41:22.051Z"}
{"level":"\u001b[32minfo\u001b[39m","message":"\n MongoDB connected ! DB host : vidtweetcluster-shard-00-02.izjfe.mongodb.net","timestamp":"2024-09-08T07:41:27.543Z"}
{"level":"\u001b[32minfo\u001b[39m","message":"\n MongoDB connected ! DB host : vidtweetcluster-shard-00-01.izjfe.mongodb.net","timestamp":"2024-09-08T07:41:28.636Z"}
{"level":"\u001b[32minfo\u001b[39m","message":"\n MongoDB connected ! DB host : vidtweetcluster-shard-00-02.izjfe.mongodb.net","timestamp":"2024-09-08T07:41:32.797Z"}
{"level":"\u001b[32minfo\u001b[39m","message":"\n MongoDB connected ! DB host : vidtweetcluster-shard-00-00.izjfe.mongodb.net","timestamp":"2024-09-08T07:41:35.652Z"}
{"level":"\u001b[32minfo\u001b[39m","message":"\n MongoDB connected ! DB host : vidtweetcluster-shard-00-00.izjfe.mongodb.net","timestamp":"2024-09-08T07:41:51.612Z"}
{"level":"\u001b[32minfo\u001b[39m","message":"\n MongoDB connected ! DB host : vidtweetcluster-shard-00-00.izjfe.mongodb.net","timestamp":"2024-09-08T07:41:54.620Z"}
{"level":"\u001b[32minfo\u001b[39m","message":"\n MongoDB connected ! DB host : vidtweetcluster-shard-00-01.izjfe.mongodb.net","timestamp":"2024-09-08T07:42:04.359Z"}
{"level":"\u001b[32minfo\u001b[39m","message":"\n MongoDB connected ! DB host : vidtweetcluster-shard-00-02.izjfe.mongodb.net","timestamp":"2024-09-08T07:42:08.622Z"}
{"level":"\u001b[32minfo\u001b[39m","message":"\n MongoDB connected ! DB host : vidtweetcluster-shard-00-02.izjfe.mongodb.net","timestamp":"2024-09-08T07:42:19.451Z"}
{"level":"\u001b[32minfo\u001b[39m","message":"\n MongoDB connected ! DB host : vidtweetcluster-shard-00-00.izjfe.mongodb.net","timestamp":"2024-09-08T07:42:26.728Z"}
{"level":"\u001b[32minfo\u001b[39m","message":"\n MongoDB connected ! DB host : vidtweetcluster-shard-00-02.izjfe.mongodb.net","timestamp":"2024-09-08T07:42:29.670Z"}
{"level":"\u001b[32minfo\u001b[39m","message":"\n MongoDB connected ! DB host : vidtweetcluster-shard-00-01.izjfe.mongodb.net","timestamp":"2024-09-08T07:42:35.706Z"}
{"level":"\u001b[32minfo\u001b[39m","message":"\n MongoDB connected ! DB host : vidtweetcluster-shard-00-01.izjfe.mongodb.net","timestamp":"2024-09-08T07:42:39.821Z"}
{"level":"\u001b[32minfo\u001b[39m","message":"\n MongoDB connected ! DB host : vidtweetcluster-shard-00-01.izjfe.mongodb.net","timestamp":"2024-09-08T07:42:42.549Z"}
{"level":"\u001b[32minfo\u001b[39m","message":"\n MongoDB connected ! DB host : vidtweetcluster-shard-00-01.izjfe.mongodb.net","timestamp":"2024-09-08T07:42:45.652Z"}
{"level":"\u001b[32minfo\u001b[39m","message":"\n MongoDB connected ! DB host : vidtweetcluster-shard-00-00.izjfe.mongodb.net","timestamp":"2024-09-08T07:42:56.850Z"}
{"level":"\u001b[32minfo\u001b[39m","message":"\n MongoDB connected ! DB host : vidtweetcluster-shard-00-02.izjfe.mongodb.net","timestamp":"2024-09-08T07:43:05.206Z"}
{"level":"\u001b[32minfo\u001b[39m","message":"\n MongoDB connected ! DB host : vidtweetcluster-shard-00-02.izjfe.mongodb.net","timestamp":"2024-09-08T07:44:11.889Z"}
{"level":"\u001b[32minfo\u001b[39m","message":"\n MongoDB connected ! DB host : vidtweetcluster-shard-00-02.izjfe.mongodb.net","timestamp":"2024-09-08T07:44:34.268Z"}
{"level":"\u001b[32minfo\u001b[39m","message":"\n MongoDB connected ! DB host : vidtweetcluster-shard-00-02.izjfe.mongodb.net","timestamp":"2024-09-08T07:44:36.594Z"}
{"level":"\u001b[32minfo\u001b[39m","message":"\n MongoDB connected ! DB host : vidtweetcluster-shard-00-02.izjfe.mongodb.net","timestamp":"2024-09-08T07:45:05.721Z"}
{"level":"\u001b[32minfo\u001b[39m","message":"\n MongoDB connected ! DB host : vidtweetcluster-shard-00-01.izjfe.mongodb.net","timestamp":"2024-09-08T07:45:10.237Z"}
{"level":"\u001b[32minfo\u001b[39m","message":"\n MongoDB connected ! DB host : vidtweetcluster-shard-00-02.izjfe.mongodb.net","timestamp":"2024-09-08T07:46:16.547Z"}
{"level":"\u001b[32minfo\u001b[39m","message":"\n MongoDB connected ! DB host : vidtweetcluster-shard-00-00.izjfe.mongodb.net","timestamp":"2024-09-08T07:46:26.036Z"}
{"level":"\u001b[32minfo\u001b[39m","message":"\n MongoDB connected ! DB host : vidtweetcluster-shard-00-02.izjfe.mongodb.net","timestamp":"2024-09-08T07:46:30.524Z"}
{"level":"\u001b[32minfo\u001b[39m","message":"\n MongoDB connected ! DB host : vidtweetcluster-shard-00-00.izjfe.mongodb.net","timestamp":"2024-09-08T07:46:31.970Z"}
{"level":"\u001b[32minfo\u001b[39m","message":"\n MongoDB connected ! DB host : vidtweetcluster-shard-00-02.izjfe.mongodb.net","timestamp":"2024-09-08T07:46:34.588Z"}
{"level":"\u001b[32minfo\u001b[39m","message":"\n MongoDB connected ! DB host : vidtweetcluster-shard-00-02.izjfe.mongodb.net","timestamp":"2024-09-08T07:46:39.403Z"}
{"level":"\u001b[32minfo\u001b[39m","message":"\n MongoDB connected ! DB host : vidtweetcluster-shard-00-00.izjfe.mongodb.net","timestamp":"2024-09-08T07:46:45.947Z"}
{"level":"\u001b[32minfo\u001b[39m","message":"\n MongoDB connected ! DB host : vidtweetcluster-shard-00-02.izjfe.mongodb.net","timestamp":"2024-09-08T07:46:49.981Z"}
{"level":"\u001b[32minfo\u001b[39m","message":"\n MongoDB connected ! DB host : vidtweetcluster-shard-00-00.izjfe.mongodb.net","timestamp":"2024-09-08T07:46:51.186Z"}
{"level":"\u001b[32minfo\u001b[39m","message":"\n MongoDB connected ! DB host : vidtweetcluster-shard-00-00.izjfe.mongodb.net","timestamp":"2024-09-08T07:46:54.514Z"}
{"level":"\u001b[32minfo\u001b[39m","message":"\n MongoDB connected ! DB host : vidtweetcluster-shard-00-00.izjfe.mongodb.net","timestamp":"2024-09-08T07:46:57.852Z"}
{"level":"\u001b[32minfo\u001b[39m","message":"\n MongoDB connected ! DB host : vidtweetcluster-shard-00-01.izjfe.mongodb.net","timestamp":"2024-09-08T07:47:00.247Z"}
{"level":"\u001b[32minfo\u001b[39m","message":"\n MongoDB connected ! DB host : vidtweetcluster-shard-00-01.izjfe.mongodb.net","timestamp":"2024-09-08T07:47:02.257Z"}
{"level":"\u001b[32minfo\u001b[39m","message":"\n MongoDB connected ! DB host : vidtweetcluster-shard-00-02.izjfe.mongodb.net","timestamp":"2024-09-08T07:47:04.026Z"}
{"level":"\u001b[32minfo\u001b[39m","message":"\n MongoDB connected ! DB host : vidtweetcluster-shard-00-01.izjfe.mongodb.net","timestamp":"2024-09-08T07:47:06.943Z"}
{"level":"\u001b[32minfo\u001b[39m","message":"\n MongoDB connected ! DB host : vidtweetcluster-shard-00-00.izjfe.mongodb.net","timestamp":"2024-09-08T07:47:11.522Z"}
{"level":"\u001b[32minfo\u001b[39m","message":"\n MongoDB connected ! DB host : vidtweetcluster-shard-00-00.izjfe.mongodb.net","timestamp":"2024-09-08T07:47:16.903Z"}
{"level":"\u001b[32minfo\u001b[39m","message":"\n MongoDB connected ! DB host : vidtweetcluster-shard-00-00.izjfe.mongodb.net","timestamp":"2024-09-08T07:47:21.120Z"}
{"level":"\u001b[32minfo\u001b[39m","message":"\n MongoDB connected ! DB host : vidtweetcluster-shard-00-02.izjfe.mongodb.net","timestamp":"2024-09-08T07:47:32.055Z"}
{"level":"\u001b[32minfo\u001b[39m","message":"\n MongoDB connected ! DB host : vidtweetcluster-shard-00-02.izjfe.mongodb.net","timestamp":"2024-09-08T07:47:42.305Z"}
{"level":"\u001b[32minfo\u001b[39m","message":"\n MongoDB connected ! DB host : vidtweetcluster-shard-00-02.izjfe.mongodb.net","timestamp":"2024-09-08T07:47:43.126Z"}
{"level":"\u001b[32minfo\u001b[39m","message":"\n MongoDB connected ! DB host : vidtweetcluster-shard-00-01.izjfe.mongodb.net","timestamp":"2024-09-08T07:47:44.756Z"}
{"level":"\u001b[32minfo\u001b[39m","message":"\n MongoDB connected ! DB host : vidtweetcluster-shard-00-00.izjfe.mongodb.net","timestamp":"2024-09-08T07:47:48.038Z"}
{"level":"\u001b[32minfo\u001b[39m","message":"\n MongoDB connected ! DB host : vidtweetcluster-shard-00-00.izjfe.mongodb.net","timestamp":"2024-09-08T07:47:53.095Z"}
{"level":"\u001b[32minfo\u001b[39m","message":"\n MongoDB connected ! DB host : vidtweetcluster-shard-00-01.izjfe.mongodb.net","timestamp":"2024-09-08T07:47:54.392Z"}
{"level":"\u001b[32minfo\u001b[39m","message":"\n MongoDB connected ! DB host : vidtweetcluster-shard-00-01.izjfe.mongodb.net","timestamp":"2024-09-08T07:47:55.754Z"}
{"level":"\u001b[32minfo\u001b[39m","message":"\n MongoDB connected ! DB host : vidtweetcluster-shard-00-00.izjfe.mongodb.net","timestamp":"2024-09-08T07:47:57.637Z"}
{"level":"\u001b[32minfo\u001b[39m","message":"\n MongoDB connected ! DB host : vidtweetcluster-shard-00-00.izjfe.mongodb.net","timestamp":"2024-09-08T07:48:00.405Z"}
{"level":"\u001b[32minfo\u001b[39m","message":"\n MongoDB connected ! DB host : vidtweetcluster-shard-00-00.izjfe.mongodb.net","timestamp":"2024-09-08T07:48:05.536Z"}
{"level":"\u001b[32minfo\u001b[39m","message":"\n MongoDB connected ! DB host : vidtweetcluster-shard-00-01.izjfe.mongodb.net","timestamp":"2024-09-08T07:48:10.705Z"}
{"level":"\u001b[32minfo\u001b[39m","message":"\n MongoDB connected ! DB host : vidtweetcluster-shard-00-00.izjfe.mongodb.net","timestamp":"2024-09-08T07:48:16.120Z"}
{"level":"\u001b[32minfo\u001b[39m","message":"\n MongoDB connected ! DB host : vidtweetcluster-shard-00-00.izjfe.mongodb.net","timestamp":"2024-09-08T07:48:19.113Z"}
{"level":"\u001b[32minfo\u001b[39m","message":"\n MongoDB connected ! DB host : vidtweetcluster-shard-00-02.izjfe.mongodb.net","timestamp":"2024-09-08T07:48:21.119Z"}
{"level":"\u001b[32minfo\u001b[39m","message":"\n MongoDB connected ! DB host : vidtweetcluster-shard-00-01.izjfe.mongodb.net","timestamp":"2024-09-08T07:48:23.162Z"}
{"level":"\u001b[32minfo\u001b[39m","message":"\n MongoDB connected ! DB host : vidtweetcluster-shard-00-01.izjfe.mongodb.net","timestamp":"2024-09-08T07:48:32.334Z"}
{"level":"\u001b[32minfo\u001b[39m","message":"\n MongoDB connected ! DB host : vidtweetcluster-shard-00-01.izjfe.mongodb.net","timestamp":"2024-09-08T07:48:36.145Z"}
{"level":"\u001b[32minfo\u001b[39m","message":"\n MongoDB connected ! DB host : vidtweetcluster-shard-00-00.izjfe.mongodb.net","timestamp":"2024-09-08T07:48:40.866Z"}
{"level":"\u001b[32minfo\u001b[39m","message":"\n MongoDB connected ! DB host : vidtweetcluster-shard-00-01.izjfe.mongodb.net","timestamp":"2024-09-08T07:48:55.434Z"}
{"level":"\u001b[32minfo\u001b[39m","message":"\n MongoDB connected ! DB host : vidtweetcluster-shard-00-00.izjfe.mongodb.net","timestamp":"2024-09-08T07:48:58.070Z"}
{"level":"\u001b[32minfo\u001b[39m","message":"\n MongoDB connected ! DB host : vidtweetcluster-shard-00-01.izjfe.mongodb.net","timestamp":"2024-09-08T07:49:04.964Z"}
{"level":"\u001b[32minfo\u001b[39m","message":"\n MongoDB connected ! DB host : vidtweetcluster-shard-00-02.izjfe.mongodb.net","timestamp":"2024-09-08T07:49:12.008Z"}
{"level":"\u001b[32minfo\u001b[39m","message":"\n MongoDB connected ! DB host : vidtweetcluster-shard-00-02.izjfe.mongodb.net","timestamp":"2024-09-08T07:49:20.391Z"}
{"level":"\u001b[32minfo\u001b[39m","message":"\n MongoDB connected ! DB host : vidtweetcluster-shard-00-01.izjfe.mongodb.net","timestamp":"2024-09-08T07:49:27.906Z"}
{"level":"\u001b[32minfo\u001b[39m","message":"\n MongoDB connected ! DB host : vidtweetcluster-shard-00-00.izjfe.mongodb.net","timestamp":"2024-09-08T07:49:40.708Z"}
{"level":"\u001b[32minfo\u001b[39m","message":"\n MongoDB connected ! DB host : vidtweetcluster-shard-00-00.izjfe.mongodb.net","timestamp":"2024-09-08T07:49:46.736Z"}
{"level":"\u001b[32minfo\u001b[39m","message":"\n MongoDB connected ! DB host : vidtweetcluster-shard-00-01.izjfe.mongodb.net","timestamp":"2024-09-08T07:49:50.044Z"}
{"level":"\u001b[32minfo\u001b[39m","message":"\n MongoDB connected ! DB host : vidtweetcluster-shard-00-02.izjfe.mongodb.net","timestamp":"2024-09-08T07:50:33.223Z"}
{"level":"\u001b[32minfo\u001b[39m","message":"\n MongoDB connected ! DB host : vidtweetcluster-shard-00-00.izjfe.mongodb.net","timestamp":"2024-09-08T07:50:57.616Z"}
{"level":"\u001b[32minfo\u001b[39m","message":"\n MongoDB connected ! DB host : vidtweetcluster-shard-00-02.izjfe.mongodb.net","timestamp":"2024-09-08T07:51:19.806Z"}
{"level":"\u001b[32minfo\u001b[39m","message":"\n MongoDB connected ! DB host : vidtweetcluster-shard-00-02.izjfe.mongodb.net","timestamp":"2024-09-08T07:51:32.528Z"}
{"level":"\u001b[32minfo\u001b[39m","message":"\n MongoDB connected ! DB host : vidtweetcluster-shard-00-00.izjfe.mongodb.net","timestamp":"2024-09-08T07:51:35.054Z"}
{"level":"\u001b[32minfo\u001b[39m","message":"\n MongoDB connected ! DB host : vidtweetcluster-shard-00-01.izjfe.mongodb.net","timestamp":"2024-09-08T07:51:39.990Z"}
{"level":"\u001b[32minfo\u001b[39m","message":"\n MongoDB connected ! DB host : vidtweetcluster-shard-00-01.izjfe.mongodb.net","timestamp":"2024-09-08T07:51:46.867Z"}
{"level":"\u001b[32minfo\u001b[39m","message":"\n MongoDB connected ! DB host : vidtweetcluster-shard-00-00.izjfe.mongodb.net","timestamp":"2024-09-08T07:51:50.356Z"}
{"level":"\u001b[32minfo\u001b[39m","message":"\n MongoDB connected ! DB host : vidtweetcluster-shard-00-00.izjfe.mongodb.net","timestamp":"2024-09-08T07:52:04.607Z"}
{"level":"\u001b[32minfo\u001b[39m","message":"\n MongoDB connected ! DB host : vidtweetcluster-shard-00-02.izjfe.mongodb.net","timestamp":"2024-09-08T07:52:08.836Z"}
{"level":"\u001b[32minfo\u001b[39m","message":"\n MongoDB connected ! DB host : vidtweetcluster-shard-00-02.izjfe.mongodb.net","timestamp":"2024-09-08T07:52:10.673Z"}
{"level":"\u001b[32minfo\u001b[39m","message":"\n MongoDB connected ! DB host : vidtweetcluster-shard-00-01.izjfe.mongodb.net","timestamp":"2024-09-08T07:52:17.203Z"}
{"level":"\u001b[32minfo\u001b[39m","message":"\n MongoDB connected ! DB host : vidtweetcluster-shard-00-02.izjfe.mongodb.net","timestamp":"2024-09-08T07:52:23.955Z"}
{"level":"\u001b[32minfo\u001b[39m","message":"\n MongoDB connected ! DB host : vidtweetcluster-shard-00-01.izjfe.mongodb.net","timestamp":"2024-09-08T07:52:29.044Z"}
{"level":"\u001b[32minfo\u001b[39m","message":"\n MongoDB connected ! DB host : vidtweetcluster-shard-00-00.izjfe.mongodb.net","timestamp":"2024-09-08T07:52:32.747Z"}
{"level":"\u001b[32minfo\u001b[39m","message":"\n MongoDB connected ! DB host : vidtweetcluster-shard-00-01.izjfe.mongodb.net","timestamp":"2024-09-08T07:52:49.418Z"}
{"level":"\u001b[32minfo\u001b[39m","message":"\n MongoDB connected ! DB host : vidtweetcluster-shard-00-01.izjfe.mongodb.net","timestamp":"2024-09-08T07:52:50.653Z"}
{"level":"\u001b[32minfo\u001b[39m","message":"\n MongoDB connected ! DB host : vidtweetcluster-shard-00-02.izjfe.mongodb.net","timestamp":"2024-09-08T07:53:08.571Z"}
{"level":"\u001b[32minfo\u001b[39m","message":"\n MongoDB connected ! DB host : vidtweetcluster-shard-00-02.izjfe.mongodb.net","timestamp":"2024-09-08T07:53:09.426Z"}
{"level":"\u001b[32minfo\u001b[39m","message":"\n MongoDB connected ! DB host : vidtweetcluster-shard-00-01.izjfe.mongodb.net","timestamp":"2024-09-08T07:57:24.907Z"}
{"level":"\u001b[32minfo\u001b[39m","message":"\n MongoDB connected ! DB host : vidtweetcluster-shard-00-01.izjfe.mongodb.net","timestamp":"2024-09-08T07:57:27.722Z"}
{"level":"\u001b[32minfo\u001b[39m","message":"\n MongoDB connected ! DB host : vidtweetcluster-shard-00-01.izjfe.mongodb.net","timestamp":"2024-09-08T07:57:33.198Z"}
{"level":"\u001b[32minfo\u001b[39m","message":"\n MongoDB connected ! DB host : vidtweetcluster-shard-00-01.izjfe.mongodb.net","timestamp":"2024-09-08T07:57:37.765Z"}
{"level":"\u001b[32minfo\u001b[39m","message":"{\"method\":\"GET\",\"url\":\"/api/v1/healthcheck/test/\",\"status\":\"200\",\"responseTime\":\"1.865\"}","timestamp":"2024-09-08T08:10:34.672Z"}
{"level":"\u001b[32minfo\u001b[39m","message":"{\"method\":\"GET\",\"url\":\"/api/v1/healthcheck\",\"status\":\"200\",\"responseTime\":\"0.411\"}","timestamp":"2024-09-08T08:10:39.392Z"}
{"level":"\u001b[32minfo\u001b[39m","message":"{\"method\":\"GET\",\"url\":\"/api/v1/healthcheck/test/\",\"status\":\"200\",\"responseTime\":\"0.238\"}","timestamp":"2024-09-08T08:10:47.631Z"}
